#
# A fatal error has been detected by the Java Runtime Environment:
#
#  EXCEPTION_ACCESS_VIOLATION (0xc0000005) at pc=0xffffffffa3195120, pid=5676, tid=5932
#
# JRE version: Java(TM) SE Runtime Environment (8.0_65-b17) (build 1.8.0_65-b17)
# Java VM: Java HotSpot(TM) 64-Bit Server VM (25.65-b01 mixed mode windows-amd64 compressed oops)
# Problematic frame:
# C  0xffffffffa3195120
#
# Failed to write core dump. Minidumps are not enabled by default on client versions of Windows
#
# If you would like to submit a bug report, please visit:
#   http://bugreport.java.com/bugreport/crash.jsp
#

---------------  T H R E A D  ---------------

Current thread (0x000000001620f800):  JavaThread "pool-2-thread-2" [_thread_in_Java, id=5932, stack(0x00000000169c0000,0x0000000016ac0000)]

siginfo: ExceptionCode=0xc0000005, ExceptionInformation=0x0000000000000008 0xffffffffa3195120

Registers:
RAX=0x000000000000484e, RBX=0x0000000000000000, RCX=0x000000000000000c, RDX=0x00000000ead93cb8
RSP=0x0000000016abe758, RBP=0x0000000016abe8c0, RSI=0x00000000ead93cb8, RDI=0x00000000144360a0
R8 =0x0000000014436528, R9 =0x0000000000000000, R10=0x00000000ebd00958, R11=0x0000000000000003
R12=0x0000000000000000, R13=0x0000000000000003, R14=0x0000000000000000, R15=0x000000001620f800
RIP=0xffffffffa3195120, EFLAGS=0x0000000000010216

Top of Stack: (sp=0x0000000016abe758)
0x0000000016abe758:   00000000023c9034 0000000016abe8c0
0x0000000016abe768:   00000000023bf244 0000000016abe7a0
0x0000000016abe778:   0000000016abe7a0 0000000000000000
0x0000000016abe788:   00000000ead93cb8 00000000ead6fac0
0x0000000016abe798:   0000000014432e20 0000000016abe8c0
0x0000000016abe7a8:   000000000246215c ffffffffffffffff
0x0000000016abe7b8:   0000000014432e20 0000000016abe8c0
0x0000000016abe7c8:   000000000245c1a4 ffffffffffffffff
0x0000000016abe7d8:   0000000014432b10 0000000016abe850
0x0000000016abe7e8:   0000000002197200 0000000000000041
0x0000000016abe7f8:   0000000002197200 00000000ead93268
0x0000000016abe808:   00000000ead93ce8 00000000ead93cb8
0x0000000016abe818:   0000000010f50000 00000000ead93cb8
0x0000000016abe828:   00000000ead93d58 00000000ead93d20
0x0000000016abe838:   0000000010f50000 0000000016abe8c0
0x0000000016abe848:   0000000002197a2d 0000000002197a2d 

Instructions: (pc=0xffffffffa3195120)
0xffffffffa3195100:   
[error occurred during error reporting (printing registers, top of stack, instructions near pc), id 0xc0000005]

Register to memory mapping:

RAX=0x000000000000484e is an unknown value
RBX=0x0000000000000000 is an unknown value
RCX=0x000000000000000c is an unknown value
RDX=0x00000000ead93cb8 is an oop
com.android.dx.ssa.back.LivenessAnalyzer 
 - klass: 'com/android/dx/ssa/back/LivenessAnalyzer'
RSP=0x0000000016abe758 is pointing into the stack for thread: 0x000000001620f800
RBP=0x0000000016abe8c0 is pointing into the stack for thread: 0x000000001620f800
RSI=0x00000000ead93cb8 is an oop
com.android.dx.ssa.back.LivenessAnalyzer 
 - klass: 'com/android/dx/ssa/back/LivenessAnalyzer'
RDI=0x00000000144360a0 is pointing into metadata
R8 =0x0000000014436528 is pointing into metadata
R9 =0x0000000000000000 is an unknown value
R10=0x00000000ebd00958 is an oop
com.android.dx.ssa.back.LivenessAnalyzer$NextFunction 
 - klass: 'com/android/dx/ssa/back/LivenessAnalyzer$NextFunction'
R11=0x0000000000000003 is an unknown value
R12=0x0000000000000000 is an unknown value
R13=0x0000000000000003 is an unknown value
R14=0x0000000000000000 is an unknown value
R15=0x000000001620f800 is a thread


Stack: [0x00000000169c0000,0x0000000016ac0000],  sp=0x0000000016abe758,  free space=1017k
Native frames: (J=compiled Java code, j=interpreted, Vv=VM code, C=native code)
C  0xffffffffa3195120


---------------  P R O C E S S  ---------------

Java Threads: ( => current thread )
  0x000000001632d800 JavaThread "pool-2-thread-4" [_thread_in_Java, id=8872, stack(0x0000000016bc0000,0x0000000016cc0000)]
  0x000000001632b800 JavaThread "pool-2-thread-3" [_thread_blocked, id=7632, stack(0x0000000016ac0000,0x0000000016bc0000)]
=>0x000000001620f800 JavaThread "pool-2-thread-2" [_thread_in_Java, id=5932, stack(0x00000000169c0000,0x0000000016ac0000)]
  0x0000000016208800 JavaThread "pool-3-thread-1" [_thread_blocked, id=8696, stack(0x00000000168c0000,0x00000000169c0000)]
  0x0000000016206800 JavaThread "pool-2-thread-1" [_thread_in_Java, id=12028, stack(0x00000000167c0000,0x00000000168c0000)]
  0x00000000148db800 JavaThread "Service Thread" daemon [_thread_blocked, id=32, stack(0x00000000165c0000,0x00000000166c0000)]
  0x00000000160d0800 JavaThread "C1 CompilerThread2" daemon [_thread_in_native, id=4336, stack(0x00000000164c0000,0x00000000165c0000)]
  0x0000000014880000 JavaThread "C2 CompilerThread1" daemon [_thread_in_native, id=2120, stack(0x0000000015fc0000,0x00000000160c0000)]
  0x000000001487a800 JavaThread "C2 CompilerThread0" daemon [_thread_in_native, id=7260, stack(0x0000000015ec0000,0x0000000015fc0000)]
  0x0000000014878800 JavaThread "Attach Listener" daemon [_thread_blocked, id=920, stack(0x0000000015dc0000,0x0000000015ec0000)]
  0x0000000014877000 JavaThread "Signal Dispatcher" daemon [_thread_blocked, id=8740, stack(0x0000000015cc0000,0x0000000015dc0000)]
  0x0000000002170800 JavaThread "Finalizer" daemon [_thread_blocked, id=11576, stack(0x0000000015ad0000,0x0000000015bd0000)]
  0x000000000216d000 JavaThread "Reference Handler" daemon [_thread_blocked, id=8972, stack(0x00000000159d0000,0x0000000015ad0000)]
  0x0000000002080800 JavaThread "main" [_thread_blocked, id=12284, stack(0x0000000001e40000,0x0000000001f40000)]

Other Threads:
  0x0000000014847000 VMThread [stack: 0x00000000158d0000,0x00000000159d0000] [id=7884]
  0x00000000148de800 WatcherThread [stack: 0x00000000166c0000,0x00000000167c0000] [id=9584]

VM state:not at safepoint (normal execution)

VM Mutex/Monitor currently owned by a thread: None

Heap:
 PSYoungGen      total 18944K, used 5343K [0x00000000eab00000, 0x00000000ec000000, 0x0000000100000000)
  eden space 16384K, 17% used [0x00000000eab00000,0x00000000eadba610,0x00000000ebb00000)
  from space 2560K, 99% used [0x00000000ebb00000,0x00000000ebd7d648,0x00000000ebd80000)
  to   space 2560K, 0% used [0x00000000ebd80000,0x00000000ebd80000,0x00000000ec000000)
 ParOldGen       total 44032K, used 1571K [0x00000000c0000000, 0x00000000c2b00000, 0x00000000eab00000)
  object space 44032K, 3% used [0x00000000c0000000,0x00000000c0188c68,0x00000000c2b00000)
 Metaspace       used 5665K, capacity 6768K, committed 7040K, reserved 1056768K
  class space    used 576K, capacity 616K, committed 640K, reserved 1048576K

Card table byte_map: [0x0000000011550000,0x0000000011760000] byte_map_base: 0x0000000010f50000

Marking Bits: (ParMarkBitMap*) 0x0000000064f4a5b0
 Begin Bits: [0x0000000011cc0000, 0x0000000012cc0000)
 End Bits:   [0x0000000012cc0000, 0x0000000013cc0000)

Polling page: 0x0000000001f40000

CodeCache: size=245760Kb used=4148Kb max_used=4165Kb free=241611Kb
 bounds [0x0000000002190000, 0x00000000025b0000, 0x0000000011190000]
 total_blobs=1267 nmethods=1008 adapters=174
 compilation: enabled

Compilation events (10 events):
Event: 3.438 Thread 0x00000000160d0800 nmethod 993 0x00000000025873d0 code [0x0000000002587800, 0x000000000258a498]
Event: 3.438 Thread 0x00000000160d0800 1000       3       com.android.dx.cf.code.BasicBlocker::visitNoArgs (298 bytes)
Event: 3.440 Thread 0x00000000160d0800 nmethod 1000 0x000000000258c0d0 code [0x000000000258c340, 0x000000000258d0f8]
Event: 3.440 Thread 0x00000000160d0800  996       3       java.util.ArrayList::add (54 bytes)
Event: 3.440 Thread 0x00000000160d0800 nmethod 996 0x000000000258dcd0 code [0x000000000258dea0, 0x000000000258e678]
Event: 3.440 Thread 0x00000000160d0800  997       3       java.util.ArrayList::rangeCheckForAdd (26 bytes)
Event: 3.441 Thread 0x00000000160d0800 nmethod 997 0x0000000002591d10 code [0x0000000002591f20, 0x0000000002592a58]
Event: 3.441 Thread 0x00000000160d0800  998       3       com.android.dx.ssa.SsaMethod::onInsnRemoved (43 bytes)
Event: 3.442 Thread 0x000000001487a800 nmethod 970 0x0000000002593010 code [0x00000000025931a0, 0x0000000002593868]
Event: 3.442 Thread 0x00000000160d0800 nmethod 998 0x00000000025913d0 code [0x0000000002591560, 0x0000000002591b18]

GC Heap History (2 events):
Event: 3.386 GC heap before
{Heap before GC invocations=1 (full 0):
 PSYoungGen      total 18944K, used 16384K [0x00000000eab00000, 0x00000000ec000000, 0x0000000100000000)
  eden space 16384K, 100% used [0x00000000eab00000,0x00000000ebb00000,0x00000000ebb00000)
  from space 2560K, 0% used [0x00000000ebd80000,0x00000000ebd80000,0x00000000ec000000)
  to   space 2560K, 0% used [0x00000000ebb00000,0x00000000ebb00000,0x00000000ebd80000)
 ParOldGen       total 44032K, used 0K [0x00000000c0000000, 0x00000000c2b00000, 0x00000000eab00000)
  object space 44032K, 0% used [0x00000000c0000000,0x00000000c0000000,0x00000000c2b00000)
 Metaspace       used 5629K, capacity 6768K, committed 7040K, reserved 1056768K
  class space    used 574K, capacity 616K, committed 640K, reserved 1048576K
Event: 3.405 GC heap after
Heap after GC invocations=1 (full 0):
 PSYoungGen      total 18944K, used 2549K [0x00000000eab00000, 0x00000000ec000000, 0x0000000100000000)
  eden space 16384K, 0% used [0x00000000eab00000,0x00000000eab00000,0x00000000ebb00000)
  from space 2560K, 99% used [0x00000000ebb00000,0x00000000ebd7d648,0x00000000ebd80000)
  to   space 2560K, 0% used [0x00000000ebd80000,0x00000000ebd80000,0x00000000ec000000)
 ParOldGen       total 44032K, used 1571K [0x00000000c0000000, 0x00000000c2b00000, 0x00000000eab00000)
  object space 44032K, 3% used [0x00000000c0000000,0x00000000c0188c68,0x00000000c2b00000)
 Metaspace       used 5629K, capacity 6768K, committed 7040K, reserved 1056768K
  class space    used 574K, capacity 616K, committed 640K, reserved 1048576K
}

Deoptimization events (6 events):
Event: 3.056 Thread 0x000000001632b800 Uncommon trap: reason=class_check action=maybe_recompile pc=0x000000000233c698 method=com.android.dx.rop.cst.CstMemberRef.compareTo0(Lcom/android/dx/rop/cst/Constant;)I @ 1
Event: 3.056 Thread 0x0000000016206800 Uncommon trap: reason=class_check action=maybe_recompile pc=0x000000000233c698 method=com.android.dx.rop.cst.CstMemberRef.compareTo0(Lcom/android/dx/rop/cst/Constant;)I @ 1
Event: 3.056 Thread 0x0000000016206800 Uncommon trap: reason=class_check action=maybe_recompile pc=0x000000000233c698 method=com.android.dx.rop.cst.CstMemberRef.compareTo0(Lcom/android/dx/rop/cst/Constant;)I @ 1
Event: 3.056 Thread 0x000000001620f800 Uncommon trap: reason=class_check action=maybe_recompile pc=0x000000000233c698 method=com.android.dx.rop.cst.CstMemberRef.compareTo0(Lcom/android/dx/rop/cst/Constant;)I @ 1
Event: 3.073 Thread 0x000000001620f800 Uncommon trap: reason=unstable_if action=reinterpret pc=0x00000000023c5ea8 method=java.util.HashMap.getNode(ILjava/lang/Object;)Ljava/util/HashMap$Node; @ 62
Event: 3.090 Thread 0x000000001620f800 Uncommon trap: reason=unstable_if action=reinterpret pc=0x000000000233d2a0 method=com.android.dx.rop.cst.CstFieldRef.compareTo0(Lcom/android/dx/rop/cst/Constant;)I @ 7

Internal exceptions (2 events):
Event: 0.714 Thread 0x0000000002080800 Exception <a 'java/lang/NoSuchMethodError': Method sun.misc.Unsafe.defineClass(Ljava/lang/String;[BII)Ljava/lang/Class; name or signature does not match> (0x00000000eab0d570) thrown at [C:\workspace\8-2-build-windows-amd64-cygwin\jdk8u65\4987\hotspot\src\s‰Bé‹Ê?
Event: 0.714 Thread 0x0000000002080800 Exception <a 'java/lang/NoSuchMethodError': Method sun.misc.Unsafe.prefetchRead(Ljava/lang/Object;J)V name or signature does not match> (0x00000000eab0d858) thrown at [C:\workspace\8-2-build-windows-amd64-cygwin\jdk8u65\4987\hotspot\src\share\vm\prims\jni.

Events (10 events):
Event: 3.080 loading class java/util/DualPivotQuicksort done
Event: 3.090 Thread 0x000000001620f800 Uncommon trap: trap_request=0xffffff65 fr.pc=0x000000000233d2a0
Event: 3.090 Thread 0x000000001620f800 DEOPT PACKING pc=0x000000000233d2a0 sp=0x0000000016abea40
Event: 3.090 Thread 0x000000001620f800 DEOPT UNPACKING pc=0x00000000021d556a sp=0x0000000016abe9c8 mode 2
Event: 3.297 loading class java/util/ArrayList$1
Event: 3.297 loading class java/util/ArrayList$1 done
Event: 3.374 Executing VM operation: ForceSafepoint
Event: 3.380 Executing VM operation: ForceSafepoint done
Event: 3.385 Executing VM operation: ParallelGCFailedAllocation
Event: 3.405 Executing VM operation: ParallelGCFailedAllocation done


Dynamic libraries:
0x00007ff6061b0000 - 0x00007ff6061e7000 	C:\Program Files\Java\jdk1.8.0_65\bin\java.exe
0x00007ffac0ab0000 - 0x00007ffac0c71000 	C:\WINDOWS\SYSTEM32\ntdll.dll
0x00007ffabff60000 - 0x00007ffac000d000 	C:\WINDOWS\system32\KERNEL32.DLL
0x00007ffabd2b0000 - 0x00007ffabd498000 	C:\WINDOWS\system32\KERNELBASE.dll
0x00007ffabe020000 - 0x00007ffabe0c7000 	C:\WINDOWS\system32\ADVAPI32.dll
0x00007ffac0170000 - 0x00007ffac020d000 	C:\WINDOWS\system32\msvcrt.dll
0x00007ffabfdb0000 - 0x00007ffabfe0b000 	C:\WINDOWS\system32\sechost.dll
0x00007ffac0490000 - 0x00007ffac05ac000 	C:\WINDOWS\system32\RPCRT4.dll
0x00007ffabe150000 - 0x00007ffabe2a6000 	C:\WINDOWS\system32\USER32.dll
0x00007ffabde90000 - 0x00007ffabe016000 	C:\WINDOWS\system32\GDI32.dll
0x00007ffaaba20000 - 0x00007ffaabc94000 	C:\WINDOWS\WinSxS\amd64_microsoft.windows.common-controls_6595b64144ccf1df_6.0.10586.0_none_8c15ae12515e1c22\COMCTL32.dll
0x00007ffac0210000 - 0x00007ffac048d000 	C:\WINDOWS\system32\combase.dll
0x00007ffabd500000 - 0x00007ffabd56a000 	C:\WINDOWS\system32\bcryptPrimitives.dll
0x00007ffabe2b0000 - 0x00007ffabe2eb000 	C:\WINDOWS\system32\IMM32.DLL
0x00000000642c0000 - 0x0000000064392000 	C:\Program Files\Java\jdk1.8.0_65\jre\bin\msvcr100.dll
0x0000000064740000 - 0x0000000064fc9000 	C:\Program Files\Java\jdk1.8.0_65\jre\bin\server\jvm.dll
0x00007ffac0aa0000 - 0x00007ffac0aa8000 	C:\WINDOWS\system32\PSAPI.DLL
0x00007ffab4d00000 - 0x00007ffab4d09000 	C:\WINDOWS\SYSTEM32\WSOCK32.dll
0x00007ffabfc00000 - 0x00007ffabfc6b000 	C:\WINDOWS\system32\WS2_32.dll
0x00007ffab9f00000 - 0x00007ffab9f23000 	C:\WINDOWS\SYSTEM32\WINMM.dll
0x00007ffab6140000 - 0x00007ffab614a000 	C:\WINDOWS\SYSTEM32\VERSION.dll
0x00007ffab9ed0000 - 0x00007ffab9efc000 	C:\WINDOWS\SYSTEM32\WINMMBASE.dll
0x00007ffabde40000 - 0x00007ffabde83000 	C:\WINDOWS\system32\cfgmgr32.dll
0x0000000064730000 - 0x000000006473f000 	C:\Program Files\Java\jdk1.8.0_65\jre\bin\verify.dll
0x0000000064700000 - 0x0000000064729000 	C:\Program Files\Java\jdk1.8.0_65\jre\bin\java.dll
0x00000000646e0000 - 0x00000000646f6000 	C:\Program Files\Java\jdk1.8.0_65\jre\bin\zip.dll
0x00007ffabe2f0000 - 0x00007ffabf84c000 	C:\WINDOWS\system32\SHELL32.dll
0x00007ffabd740000 - 0x00007ffabdd84000 	C:\WINDOWS\system32\windows.storage.dll
0x00007ffabfb80000 - 0x00007ffabfbd2000 	C:\WINDOWS\system32\shlwapi.dll
0x00007ffabd120000 - 0x00007ffabd12f000 	C:\WINDOWS\system32\kernel.appcore.dll
0x00007ffabd1d0000 - 0x00007ffabd285000 	C:\WINDOWS\system32\shcore.dll
0x00007ffabd0b0000 - 0x00007ffabd0fb000 	C:\WINDOWS\system32\powrprof.dll
0x00007ffabd100000 - 0x00007ffabd114000 	C:\WINDOWS\system32\profapi.dll
0x00007ffa8d8b0000 - 0x00007ffa8da3c000 	C:\WINDOWS\SYSTEM32\dbghelp.dll

VM Arguments:
jvm_args: -Djava.awt.headless=true -Xmx1024M -Dfile.encoding=windows-1252 -Duser.country=US -Duser.language=en -Duser.variant 
java_command: com.android.dx.command.Main --dex --force-jumbo --num-threads=4 --multi-dex --output C:\Users\Alvin\Documents\AndroidStudioProjects\TabTracker\app\build\intermediates\transforms\dex\debug\folders\1000\5\slice_2 C:\Users\Alvin\Documents\AndroidStudioProjects\TabTracker\app\build\intermediates\transforms\instantRunSlicer\debug\folders\1\5\slice_2
java_class_path (initial): C:\Users\Alvin\AppData\Local\Android\sdk\build-tools\23.0.2\lib\dx.jar
Launcher Type: SUN_STANDARD

Environment Variables:
PATH=C:\ProgramData\Oracle\Java\javapath;C:\Program Files (x86)\NVIDIA Corporation\PhysX\Common;C:\WINDOWS\system32;C:\WINDOWS;C:\WINDOWS\System32\Wbem;C:\WINDOWS\System32\WindowsPowerShell\v1.0\;C:\Program Files (x86)\MySQL\MySQL Fabric 1.5 & MySQL Utilities 1.5\;C:\Program Files (x86)\MySQL\MySQL Fabric 1.5 & MySQL Utilities 1.5\Doctrine extensions for PHP\;C:\Program Files (x86)\AMD\ATI.ACE\Core-Static;C:\Program Files (x86)\ATI Technologies\ATI.ACE\Core-Static;C:\Users\Alvin\Anaconda2;C:\Users\Alvin\Anaconda2\Scripts;C:\Users\Alvin\Anaconda2\Library\bin;
USERNAME=Alvin
OS=Windows_NT
PROCESSOR_IDENTIFIER=Intel64 Family 6 Model 15 Stepping 11, GenuineIntel



---------------  S Y S T E M  ---------------

OS: Windows 10.0 , 64 bit Build 10586 (10.0.10586.0)

CPU:total 4 (4 cores per cpu, 1 threads per core) family 6 model 15 stepping 11, cmov, cx8, fxsr, mmx, sse, sse2, sse3, ssse3, tsc

Memory: 4k page, physical 4192548k(794200k free), swap 10053420k(2720128k free)

vm_info: Java HotSpot(TM) 64-Bit Server VM (25.65-b01) for windows-amd64 JRE (1.8.0_65-b17), built on Oct  6 2015 16:39:20 by "java_re" with MS VC++ 10.0 (VS2010)

time: Fri Jun 03 06:48:01 2016
elapsed time: 3 seconds (0d 0h 0m 3s)

